{"C:\\Users\\rober\\OneDrive\\dev\\ai\\voice-game\\web-client\\src\\components\\CaptionDisplay.tsx": {"path":"C:\\Users\\rober\\OneDrive\\dev\\ai\\voice-game\\web-client\\src\\components\\CaptionDisplay.tsx","statementMap":{"0":{"start":{"line":8,"column":61},"end":{"line":28,"column":1}},"1":{"start":{"line":12,"column":2},"end":{"line":27,"column":4}},"2":{"start":{"line":8,"column":13},"end":{"line":8,"column":61}}},"fnMap":{"0":{"name":"(anonymous_0)","decl":{"start":{"line":8,"column":61},"end":{"line":8,"column":62}},"loc":{"start":{"line":11,"column":5},"end":{"line":28,"column":1}}}},"branchMap":{"0":{"loc":{"start":{"line":14,"column":7},"end":{"line":18,"column":null}},"type":"binary-expr","locations":[{"start":{"line":14,"column":7},"end":{"line":14,"column":17}},{"start":{"line":15,"column":8},"end":{"line":17,"column":null}}]},"1":{"loc":{"start":{"line":20,"column":7},"end":{"line":24,"column":null}},"type":"binary-expr","locations":[{"start":{"line":20,"column":7},"end":{"line":20,"column":16}},{"start":{"line":21,"column":8},"end":{"line":23,"column":null}}]}},"s":{"0":1,"1":17,"2":1},"f":{"0":17},"b":{"0":[17,9],"1":[17,8]}}
,"C:\\Users\\rober\\OneDrive\\dev\\ai\\voice-game\\web-client\\src\\components\\CharacterCanvas.tsx": {"path":"C:\\Users\\rober\\OneDrive\\dev\\ai\\voice-game\\web-client\\src\\components\\CharacterCanvas.tsx","statementMap":{"0":{"start":{"line":1,"column":0},"end":{"line":1,"column":49}},"1":{"start":{"line":2,"column":0},"end":{"line":2,"column":45}},"2":{"start":{"line":11,"column":63},"end":{"line":41,"column":1}},"3":{"start":{"line":16,"column":20},"end":{"line":16,"column":51}},"4":{"start":{"line":17,"column":23},"end":{"line":17,"column":53}},"5":{"start":{"line":20,"column":2},"end":{"line":31,"column":22}},"6":{"start":{"line":21,"column":4},"end":{"line":23,"column":5}},"7":{"start":{"line":22,"column":6},"end":{"line":22,"column":77}},"8":{"start":{"line":25,"column":4},"end":{"line":30,"column":6}},"9":{"start":{"line":26,"column":6},"end":{"line":29,"column":7}},"10":{"start":{"line":27,"column":8},"end":{"line":27,"column":39}},"11":{"start":{"line":28,"column":8},"end":{"line":28,"column":36}},"12":{"start":{"line":34,"column":2},"end":{"line":38,"column":18}},"13":{"start":{"line":35,"column":4},"end":{"line":37,"column":5}},"14":{"start":{"line":36,"column":6},"end":{"line":36,"column":47}},"15":{"start":{"line":40,"column":2},"end":{"line":40,"column":65}},"16":{"start":{"line":11,"column":13},"end":{"line":11,"column":63}}},"fnMap":{"0":{"name":"(anonymous_0)","decl":{"start":{"line":11,"column":63},"end":{"line":11,"column":64}},"loc":{"start":{"line":15,"column":5},"end":{"line":41,"column":1}}},"1":{"name":"(anonymous_1)","decl":{"start":{"line":20,"column":12},"end":{"line":20,"column":15}},"loc":{"start":{"line":20,"column":17},"end":{"line":31,"column":3}}},"2":{"name":"(anonymous_2)","decl":{"start":{"line":25,"column":11},"end":{"line":25,"column":14}},"loc":{"start":{"line":25,"column":16},"end":{"line":30,"column":5}}},"3":{"name":"(anonymous_3)","decl":{"start":{"line":34,"column":12},"end":{"line":34,"column":15}},"loc":{"start":{"line":34,"column":17},"end":{"line":38,"column":3}}}},"branchMap":{"0":{"loc":{"start":{"line":13,"column":2},"end":{"line":13,"column":13}},"type":"default-arg","locations":[{"start":{"line":13,"column":10},"end":{"line":13,"column":13}}]},"1":{"loc":{"start":{"line":14,"column":2},"end":{"line":14,"column":14}},"type":"default-arg","locations":[{"start":{"line":14,"column":11},"end":{"line":14,"column":14}}]},"2":{"loc":{"start":{"line":21,"column":4},"end":{"line":23,"column":5}},"type":"if","locations":[{"start":{"line":21,"column":4},"end":{"line":23,"column":5}}]},"3":{"loc":{"start":{"line":21,"column":8},"end":{"line":21,"column":50}},"type":"binary-expr","locations":[{"start":{"line":21,"column":8},"end":{"line":21,"column":25}},{"start":{"line":21,"column":29},"end":{"line":21,"column":50}}]},"4":{"loc":{"start":{"line":26,"column":6},"end":{"line":29,"column":7}},"type":"if","locations":[{"start":{"line":26,"column":6},"end":{"line":29,"column":7}}]},"5":{"loc":{"start":{"line":35,"column":4},"end":{"line":37,"column":5}},"type":"if","locations":[{"start":{"line":35,"column":4},"end":{"line":37,"column":5}}]}},"s":{"0":0,"1":0,"2":0,"3":0,"4":0,"5":0,"6":0,"7":0,"8":0,"9":0,"10":0,"11":0,"12":0,"13":0,"14":0,"15":0,"16":0},"f":{"0":0,"1":0,"2":0,"3":0},"b":{"0":[0],"1":[0],"2":[0],"3":[0,0],"4":[0],"5":[0]}}
,"C:\\Users\\rober\\OneDrive\\dev\\ai\\voice-game\\web-client\\src\\components\\PushToTalkButton.tsx": {"path":"C:\\Users\\rober\\OneDrive\\dev\\ai\\voice-game\\web-client\\src\\components\\PushToTalkButton.tsx","statementMap":{"0":{"start":{"line":11,"column":65},"end":{"line":65,"column":1}},"1":{"start":{"line":17,"column":22},"end":{"line":17,"column":47}},"2":{"start":{"line":18,"column":23},"end":{"line":18,"column":75}},"3":{"start":{"line":20,"column":24},"end":{"line":31,"column":3}},"4":{"start":{"line":21,"column":4},"end":{"line":30,"column":5}},"5":{"start":{"line":23,"column":8},"end":{"line":23,"column":33}},"6":{"start":{"line":25,"column":8},"end":{"line":25,"column":29}},"7":{"start":{"line":27,"column":8},"end":{"line":27,"column":29}},"8":{"start":{"line":29,"column":8},"end":{"line":29,"column":30}},"9":{"start":{"line":33,"column":25},"end":{"line":44,"column":3}},"10":{"start":{"line":34,"column":4},"end":{"line":43,"column":5}},"11":{"start":{"line":36,"column":8},"end":{"line":36,"column":25}},"12":{"start":{"line":38,"column":8},"end":{"line":38,"column":25}},"13":{"start":{"line":40,"column":8},"end":{"line":40,"column":25}},"14":{"start":{"line":42,"column":8},"end":{"line":42,"column":25}},"15":{"start":{"line":46,"column":2},"end":{"line":64,"column":4}},"16":{"start":{"line":11,"column":13},"end":{"line":11,"column":65}}},"fnMap":{"0":{"name":"(anonymous_0)","decl":{"start":{"line":11,"column":65},"end":{"line":11,"column":66}},"loc":{"start":{"line":16,"column":5},"end":{"line":65,"column":1}}},"1":{"name":"(anonymous_1)","decl":{"start":{"line":20,"column":24},"end":{"line":20,"column":27}},"loc":{"start":{"line":20,"column":29},"end":{"line":31,"column":3}}},"2":{"name":"(anonymous_2)","decl":{"start":{"line":33,"column":25},"end":{"line":33,"column":28}},"loc":{"start":{"line":33,"column":30},"end":{"line":44,"column":3}}}},"branchMap":{"0":{"loc":{"start":{"line":15,"column":2},"end":{"line":15,"column":18}},"type":"default-arg","locations":[{"start":{"line":15,"column":13},"end":{"line":15,"column":18}}]},"1":{"loc":{"start":{"line":18,"column":23},"end":{"line":18,"column":75}},"type":"binary-expr","locations":[{"start":{"line":18,"column":23},"end":{"line":18,"column":47}},{"start":{"line":18,"column":51},"end":{"line":18,"column":75}}]},"2":{"loc":{"start":{"line":21,"column":4},"end":{"line":30,"column":5}},"type":"switch","locations":[{"start":{"line":22,"column":6},"end":{"line":23,"column":33}},{"start":{"line":24,"column":6},"end":{"line":25,"column":29}},{"start":{"line":26,"column":6},"end":{"line":27,"column":29}},{"start":{"line":28,"column":6},"end":{"line":29,"column":30}}]},"3":{"loc":{"start":{"line":34,"column":4},"end":{"line":43,"column":5}},"type":"switch","locations":[{"start":{"line":35,"column":6},"end":{"line":36,"column":25}},{"start":{"line":37,"column":6},"end":{"line":38,"column":25}},{"start":{"line":39,"column":6},"end":{"line":40,"column":25}},{"start":{"line":41,"column":6},"end":{"line":42,"column":25}}]},"4":{"loc":{"start":{"line":51,"column":19},"end":{"line":51,"column":58}},"type":"cond-expr","locations":[{"start":{"line":51,"column":33},"end":{"line":51,"column":45}},{"start":{"line":51,"column":48},"end":{"line":51,"column":58}}]},"5":{"loc":{"start":{"line":52,"column":16},"end":{"line":52,"column":68}},"type":"cond-expr","locations":[{"start":{"line":52,"column":43},"end":{"line":52,"column":56}},{"start":{"line":52,"column":59},"end":{"line":52,"column":68}}]},"6":{"loc":{"start":{"line":52,"column":16},"end":{"line":52,"column":40}},"type":"binary-expr","locations":[{"start":{"line":52,"column":16},"end":{"line":52,"column":24}},{"start":{"line":52,"column":28},"end":{"line":52,"column":40}}]},"7":{"loc":{"start":{"line":53,"column":17},"end":{"line":53,"column":35}},"type":"cond-expr","locations":[{"start":{"line":53,"column":28},"end":{"line":53,"column":31}},{"start":{"line":53,"column":34},"end":{"line":53,"column":35}}]},"8":{"loc":{"start":{"line":55,"column":19},"end":{"line":55,"column":67}},"type":"cond-expr","locations":[{"start":{"line":55,"column":48},"end":{"line":55,"column":55}},{"start":{"line":55,"column":58},"end":{"line":55,"column":67}}]},"9":{"loc":{"start":{"line":55,"column":19},"end":{"line":55,"column":45}},"type":"binary-expr","locations":[{"start":{"line":55,"column":19},"end":{"line":55,"column":28}},{"start":{"line":55,"column":32},"end":{"line":55,"column":45}}]},"10":{"loc":{"start":{"line":56,"column":17},"end":{"line":56,"column":67}},"type":"cond-expr","locations":[{"start":{"line":56,"column":46},"end":{"line":56,"column":55}},{"start":{"line":56,"column":58},"end":{"line":56,"column":67}}]},"11":{"loc":{"start":{"line":56,"column":17},"end":{"line":56,"column":43}},"type":"binary-expr","locations":[{"start":{"line":56,"column":17},"end":{"line":56,"column":26}},{"start":{"line":56,"column":30},"end":{"line":56,"column":43}}]},"12":{"loc":{"start":{"line":57,"column":20},"end":{"line":57,"column":68}},"type":"cond-expr","locations":[{"start":{"line":57,"column":49},"end":{"line":57,"column":56}},{"start":{"line":57,"column":59},"end":{"line":57,"column":68}}]},"13":{"loc":{"start":{"line":57,"column":20},"end":{"line":57,"column":46}},"type":"binary-expr","locations":[{"start":{"line":57,"column":20},"end":{"line":57,"column":29}},{"start":{"line":57,"column":33},"end":{"line":57,"column":46}}]},"14":{"loc":{"start":{"line":58,"column":18},"end":{"line":58,"column":68}},"type":"cond-expr","locations":[{"start":{"line":58,"column":47},"end":{"line":58,"column":56}},{"start":{"line":58,"column":59},"end":{"line":58,"column":68}}]},"15":{"loc":{"start":{"line":58,"column":18},"end":{"line":58,"column":44}},"type":"binary-expr","locations":[{"start":{"line":58,"column":18},"end":{"line":58,"column":27}},{"start":{"line":58,"column":31},"end":{"line":58,"column":44}}]},"16":{"loc":{"start":{"line":59,"column":16},"end":{"line":59,"column":40}},"type":"binary-expr","locations":[{"start":{"line":59,"column":16},"end":{"line":59,"column":24}},{"start":{"line":59,"column":28},"end":{"line":59,"column":40}}]},"17":{"loc":{"start":{"line":61,"column":37},"end":{"line":61,"column":63}},"type":"cond-expr","locations":[{"start":{"line":61,"column":51},"end":{"line":61,"column":55}},{"start":{"line":61,"column":58},"end":{"line":61,"column":63}}]}},"s":{"0":1,"1":15,"2":15,"3":15,"4":15,"5":3,"6":3,"7":2,"8":7,"9":15,"10":15,"11":3,"12":3,"13":2,"14":7,"15":15,"16":1},"f":{"0":15,"1":15,"2":15},"b":{"0":[15],"1":[15,12],"2":[3,3,2,7],"3":[3,3,2,7],"4":[3,12],"5":[5,10],"6":[15,15],"7":[0,15],"8":[10,5],"9":[15,15],"10":[10,5],"11":[15,15],"12":[10,5],"13":[15,15],"14":[10,5],"15":[15,15],"16":[15,15],"17":[3,12]}}
,"C:\\Users\\rober\\OneDrive\\dev\\ai\\voice-game\\web-client\\src\\hooks\\useVoiceService.ts": {"path":"C:\\Users\\rober\\OneDrive\\dev\\ai\\voice-game\\web-client\\src\\hooks\\useVoiceService.ts","statementMap":{"0":{"start":{"line":17,"column":0},"end":{"line":17,"column":16}},"1":{"start":{"line":1,"column":0},"end":{"line":1,"column":65}},"2":{"start":{"line":2,"column":0},"end":{"line":2,"column":50}},"3":{"start":{"line":3,"column":0},"end":{"line":3,"column":61}},"4":{"start":{"line":4,"column":0},"end":{"line":4,"column":43}},"5":{"start":{"line":18,"column":36},"end":{"line":18,"column":63}},"6":{"start":{"line":19,"column":38},"end":{"line":19,"column":50}},"7":{"start":{"line":20,"column":36},"end":{"line":20,"column":48}},"8":{"start":{"line":21,"column":28},"end":{"line":21,"column":57}},"9":{"start":{"line":22,"column":40},"end":{"line":22,"column":55}},"10":{"start":{"line":23,"column":36},"end":{"line":23,"column":56}},"11":{"start":{"line":25,"column":17},"end":{"line":25,"column":63}},"12":{"start":{"line":26,"column":16},"end":{"line":26,"column":72}},"13":{"start":{"line":27,"column":25},"end":{"line":27,"column":63}},"14":{"start":{"line":30,"column":2},"end":{"line":76,"column":9}},"15":{"start":{"line":31,"column":15},"end":{"line":31,"column":28}},"16":{"start":{"line":32,"column":24},"end":{"line":32,"column":46}},"17":{"start":{"line":35,"column":4},"end":{"line":37,"column":7}},"18":{"start":{"line":36,"column":6},"end":{"line":36,"column":34}},"19":{"start":{"line":40,"column":4},"end":{"line":42,"column":7}},"20":{"start":{"line":41,"column":6},"end":{"line":41,"column":34}},"21":{"start":{"line":45,"column":4},"end":{"line":47,"column":7}},"22":{"start":{"line":46,"column":6},"end":{"line":46,"column":33}},"23":{"start":{"line":50,"column":4},"end":{"line":58,"column":7}},"24":{"start":{"line":51,"column":6},"end":{"line":57,"column":7}},"25":{"start":{"line":52,"column":26},"end":{"line":52,"column":73}},"26":{"start":{"line":53,"column":8},"end":{"line":53,"column":47}},"27":{"start":{"line":55,"column":8},"end":{"line":55,"column":52}},"28":{"start":{"line":56,"column":8},"end":{"line":56,"column":41}},"29":{"start":{"line":61,"column":4},"end":{"line":64,"column":7}},"30":{"start":{"line":62,"column":6},"end":{"line":62,"column":32}},"31":{"start":{"line":63,"column":6},"end":{"line":63,"column":27}},"32":{"start":{"line":67,"column":4},"end":{"line":69,"column":7}},"33":{"start":{"line":68,"column":6},"end":{"line":68,"column":27}},"34":{"start":{"line":72,"column":4},"end":{"line":75,"column":6}},"35":{"start":{"line":73,"column":6},"end":{"line":73,"column":22}},"36":{"start":{"line":74,"column":6},"end":{"line":74,"column":28}},"37":{"start":{"line":79,"column":2},"end":{"line":93,"column":9}},"38":{"start":{"line":80,"column":27},"end":{"line":90,"column":5}},"39":{"start":{"line":81,"column":6},"end":{"line":89,"column":7}},"40":{"start":{"line":83,"column":8},"end":{"line":83,"column":43}},"41":{"start":{"line":84,"column":8},"end":{"line":84,"column":29}},"42":{"start":{"line":86,"column":8},"end":{"line":86,"column":66}},"43":{"start":{"line":87,"column":8},"end":{"line":87,"column":51}},"44":{"start":{"line":88,"column":8},"end":{"line":88,"column":30}},"45":{"start":{"line":92,"column":4},"end":{"line":92,"column":21}},"46":{"start":{"line":95,"column":25},"end":{"line":117,"column":8}},"47":{"start":{"line":96,"column":4},"end":{"line":116,"column":5}},"48":{"start":{"line":97,"column":6},"end":{"line":97,"column":21}},"49":{"start":{"line":98,"column":6},"end":{"line":98,"column":24}},"50":{"start":{"line":99,"column":6},"end":{"line":99,"column":23}},"51":{"start":{"line":102,"column":23},"end":{"line":102,"column":58}},"52":{"start":{"line":103,"column":27},"end":{"line":103,"column":46}},"53":{"start":{"line":104,"column":6},"end":{"line":104,"column":33}},"54":{"start":{"line":107,"column":6},"end":{"line":109,"column":7}},"55":{"start":{"line":108,"column":8},"end":{"line":108,"column":50}},"56":{"start":{"line":111,"column":6},"end":{"line":111,"column":32}},"57":{"start":{"line":113,"column":6},"end":{"line":113,"column":55}},"58":{"start":{"line":114,"column":6},"end":{"line":114,"column":42}},"59":{"start":{"line":115,"column":6},"end":{"line":115,"column":27}},"60":{"start":{"line":119,"column":24},"end":{"line":130,"column":17}},"61":{"start":{"line":120,"column":4},"end":{"line":120,"column":27}},"62":{"start":{"line":120,"column":20},"end":{"line":120,"column":27}},"63":{"start":{"line":122,"column":4},"end":{"line":129,"column":5}},"64":{"start":{"line":123,"column":6},"end":{"line":123,"column":31}},"65":{"start":{"line":124,"column":6},"end":{"line":124,"column":66}},"66":{"start":{"line":126,"column":6},"end":{"line":126,"column":54}},"67":{"start":{"line":127,"column":6},"end":{"line":127,"column":44}},"68":{"start":{"line":128,"column":6},"end":{"line":128,"column":27}},"69":{"start":{"line":132,"column":2},"end":{"line":140,"column":4}}},"fnMap":{"0":{"name":"useVoiceService","decl":{"start":{"line":17,"column":16},"end":{"line":17,"column":31}},"loc":{"start":{"line":17,"column":31},"end":{"line":141,"column":1}}},"1":{"name":"(anonymous_1)","decl":{"start":{"line":30,"column":12},"end":{"line":30,"column":15}},"loc":{"start":{"line":30,"column":17},"end":{"line":76,"column":3}}},"2":{"name":"(anonymous_2)","decl":{"start":{"line":35,"column":19},"end":{"line":35,"column":20}},"loc":{"start":{"line":35,"column":31},"end":{"line":37,"column":5}}},"3":{"name":"(anonymous_3)","decl":{"start":{"line":40,"column":30},"end":{"line":40,"column":31}},"loc":{"start":{"line":40,"column":42},"end":{"line":42,"column":5}}},"4":{"name":"(anonymous_4)","decl":{"start":{"line":45,"column":24},"end":{"line":45,"column":25}},"loc":{"start":{"line":45,"column":36},"end":{"line":47,"column":5}}},"5":{"name":"(anonymous_5)","decl":{"start":{"line":50,"column":31},"end":{"line":50,"column":36}},"loc":{"start":{"line":50,"column":68},"end":{"line":58,"column":5}}},"6":{"name":"(anonymous_6)","decl":{"start":{"line":61,"column":19},"end":{"line":61,"column":20}},"loc":{"start":{"line":61,"column":31},"end":{"line":64,"column":5}}},"7":{"name":"(anonymous_7)","decl":{"start":{"line":67,"column":35},"end":{"line":67,"column":38}},"loc":{"start":{"line":67,"column":40},"end":{"line":69,"column":5}}},"8":{"name":"(anonymous_8)","decl":{"start":{"line":72,"column":11},"end":{"line":72,"column":14}},"loc":{"start":{"line":72,"column":16},"end":{"line":75,"column":5}}},"9":{"name":"(anonymous_9)","decl":{"start":{"line":79,"column":12},"end":{"line":79,"column":15}},"loc":{"start":{"line":79,"column":17},"end":{"line":93,"column":3}}},"10":{"name":"(anonymous_10)","decl":{"start":{"line":80,"column":27},"end":{"line":80,"column":32}},"loc":{"start":{"line":80,"column":38},"end":{"line":90,"column":5}}},"11":{"name":"(anonymous_11)","decl":{"start":{"line":95,"column":37},"end":{"line":95,"column":42}},"loc":{"start":{"line":95,"column":48},"end":{"line":117,"column":3}}},"12":{"name":"(anonymous_12)","decl":{"start":{"line":119,"column":36},"end":{"line":119,"column":41}},"loc":{"start":{"line":119,"column":47},"end":{"line":130,"column":3}}}},"branchMap":{"0":{"loc":{"start":{"line":107,"column":6},"end":{"line":109,"column":7}},"type":"if","locations":[{"start":{"line":107,"column":6},"end":{"line":109,"column":7}}]},"1":{"loc":{"start":{"line":120,"column":4},"end":{"line":120,"column":27}},"type":"if","locations":[{"start":{"line":120,"column":4},"end":{"line":120,"column":27}}]}},"s":{"0":0,"1":0,"2":0,"3":0,"4":0,"5":0,"6":0,"7":0,"8":0,"9":0,"10":0,"11":0,"12":0,"13":0,"14":0,"15":0,"16":0,"17":0,"18":0,"19":0,"20":0,"21":0,"22":0,"23":0,"24":0,"25":0,"26":0,"27":0,"28":0,"29":0,"30":0,"31":0,"32":0,"33":0,"34":0,"35":0,"36":0,"37":0,"38":0,"39":0,"40":0,"41":0,"42":0,"43":0,"44":0,"45":0,"46":0,"47":0,"48":0,"49":0,"50":0,"51":0,"52":0,"53":0,"54":0,"55":0,"56":0,"57":0,"58":0,"59":0,"60":0,"61":0,"62":0,"63":0,"64":0,"65":0,"66":0,"67":0,"68":0,"69":0},"f":{"0":0,"1":0,"2":0,"3":0,"4":0,"5":0,"6":0,"7":0,"8":0,"9":0,"10":0,"11":0,"12":0},"b":{"0":[0],"1":[0]}}
,"C:\\Users\\rober\\OneDrive\\dev\\ai\\voice-game\\web-client\\src\\lib\\audio.ts": {"path":"C:\\Users\\rober\\OneDrive\\dev\\ai\\voice-game\\web-client\\src\\lib\\audio.ts","statementMap":{"0":{"start":{"line":3,"column":56},"end":{"line":3,"column":60}},"1":{"start":{"line":7,"column":4},"end":{"line":7,"column":43}},"2":{"start":{"line":12,"column":4},"end":{"line":12,"column":16}},"3":{"start":{"line":14,"column":4},"end":{"line":41,"column":5}},"4":{"start":{"line":16,"column":26},"end":{"line":16,"column":76}},"5":{"start":{"line":19,"column":6},"end":{"line":19,"column":66}},"6":{"start":{"line":20,"column":6},"end":{"line":20,"column":46}},"7":{"start":{"line":21,"column":6},"end":{"line":21,"column":64}},"8":{"start":{"line":24,"column":6},"end":{"line":29,"column":8}},"9":{"start":{"line":25,"column":8},"end":{"line":25,"column":34}},"10":{"start":{"line":26,"column":8},"end":{"line":28,"column":9}},"11":{"start":{"line":27,"column":10},"end":{"line":27,"column":44}},"12":{"start":{"line":32,"column":6},"end":{"line":34,"column":7}},"13":{"start":{"line":33,"column":8},"end":{"line":33,"column":41}},"14":{"start":{"line":37,"column":6},"end":{"line":37,"column":34}},"15":{"start":{"line":39,"column":6},"end":{"line":39,"column":52}},"16":{"start":{"line":40,"column":6},"end":{"line":40,"column":18}},"17":{"start":{"line":45,"column":4},"end":{"line":52,"column":5}},"18":{"start":{"line":46,"column":6},"end":{"line":50,"column":7}},"19":{"start":{"line":47,"column":8},"end":{"line":47,"column":34}},"20":{"start":{"line":51,"column":6},"end":{"line":51,"column":32}},"21":{"start":{"line":56,"column":4},"end":{"line":56,"column":39}},"22":{"start":{"line":60,"column":4},"end":{"line":60,"column":47}},"23":{"start":{"line":64,"column":4},"end":{"line":64,"column":16}},"24":{"start":{"line":65,"column":4},"end":{"line":69,"column":5}},"25":{"start":{"line":66,"column":6},"end":{"line":68,"column":9}},"26":{"start":{"line":67,"column":8},"end":{"line":67,"column":61}},"27":{"start":{"line":1,"column":0},"end":{"line":1,"column":13}}},"fnMap":{"0":{"name":"(anonymous_0)","decl":{"start":{"line":6,"column":2},"end":{"line":6,"column":null}},"loc":{"start":{"line":6,"column":2},"end":{"line":8,"column":3}}},"1":{"name":"(anonymous_1)","decl":{"start":{"line":10,"column":2},"end":{"line":10,"column":7}},"loc":{"start":{"line":10,"column":40},"end":{"line":42,"column":3}}},"2":{"name":"(anonymous_2)","decl":{"start":{"line":24,"column":35},"end":{"line":24,"column":38}},"loc":{"start":{"line":24,"column":40},"end":{"line":29,"column":7}}},"3":{"name":"(anonymous_3)","decl":{"start":{"line":44,"column":2},"end":{"line":44,"column":6}},"loc":{"start":{"line":44,"column":6},"end":{"line":53,"column":3}}},"4":{"name":"(anonymous_4)","decl":{"start":{"line":55,"column":2},"end":{"line":55,"column":6}},"loc":{"start":{"line":55,"column":15},"end":{"line":57,"column":3}}},"5":{"name":"(anonymous_5)","decl":{"start":{"line":59,"column":2},"end":{"line":59,"column":20}},"loc":{"start":{"line":59,"column":41},"end":{"line":61,"column":3}}},"6":{"name":"(anonymous_6)","decl":{"start":{"line":63,"column":2},"end":{"line":63,"column":9}},"loc":{"start":{"line":63,"column":9},"end":{"line":70,"column":3}}},"7":{"name":"(anonymous_7)","decl":{"start":{"line":66,"column":38},"end":{"line":66,"column":39}},"loc":{"start":{"line":66,"column":48},"end":{"line":68,"column":7}}}},"branchMap":{"0":{"loc":{"start":{"line":26,"column":8},"end":{"line":28,"column":9}},"type":"if","locations":[{"start":{"line":26,"column":8},"end":{"line":28,"column":9}}]},"1":{"loc":{"start":{"line":32,"column":6},"end":{"line":34,"column":7}},"type":"if","locations":[{"start":{"line":32,"column":6},"end":{"line":34,"column":7}}]},"2":{"loc":{"start":{"line":45,"column":4},"end":{"line":52,"column":5}},"type":"if","locations":[{"start":{"line":45,"column":4},"end":{"line":52,"column":5}}]},"3":{"loc":{"start":{"line":65,"column":4},"end":{"line":69,"column":5}},"type":"if","locations":[{"start":{"line":65,"column":4},"end":{"line":69,"column":5}}]}},"s":{"0":0,"1":0,"2":0,"3":0,"4":0,"5":0,"6":0,"7":0,"8":0,"9":0,"10":0,"11":0,"12":0,"13":0,"14":0,"15":0,"16":0,"17":0,"18":0,"19":0,"20":0,"21":0,"22":0,"23":0,"24":0,"25":0,"26":0,"27":0},"f":{"0":0,"1":0,"2":0,"3":0,"4":0,"5":0,"6":0,"7":0},"b":{"0":[0],"1":[0],"2":[0],"3":[0]}}
,"C:\\Users\\rober\\OneDrive\\dev\\ai\\voice-game\\web-client\\src\\lib\\character.ts": {"path":"C:\\Users\\rober\\OneDrive\\dev\\ai\\voice-game\\web-client\\src\\lib\\character.ts","statementMap":{"0":{"start":{"line":1,"column":0},"end":{"line":1,"column":32}},"1":{"start":{"line":5,"column":41},"end":{"line":5,"column":45}},"2":{"start":{"line":6,"column":45},"end":{"line":6,"column":49}},"3":{"start":{"line":7,"column":39},"end":{"line":7,"column":43}},"4":{"start":{"line":8,"column":39},"end":{"line":8,"column":43}},"5":{"start":{"line":9,"column":40},"end":{"line":9,"column":44}},"6":{"start":{"line":10,"column":36},"end":{"line":10,"column":42}},"7":{"start":{"line":11,"column":27},"end":{"line":11,"column":28}},"8":{"start":{"line":12,"column":26},"end":{"line":12,"column":31}},"9":{"start":{"line":16,"column":4},"end":{"line":16,"column":38}},"10":{"start":{"line":19,"column":4},"end":{"line":31,"column":7}},"11":{"start":{"line":26,"column":6},"end":{"line":28,"column":7}},"12":{"start":{"line":27,"column":8},"end":{"line":27,"column":21}},"13":{"start":{"line":30,"column":6},"end":{"line":30,"column":59}},"14":{"start":{"line":35,"column":4},"end":{"line":35,"column":26}},"15":{"start":{"line":35,"column":19},"end":{"line":35,"column":26}},"16":{"start":{"line":38,"column":4},"end":{"line":38,"column":42}},"17":{"start":{"line":39,"column":4},"end":{"line":39,"column":36}},"18":{"start":{"line":40,"column":4},"end":{"line":40,"column":36}},"19":{"start":{"line":41,"column":4},"end":{"line":41,"column":37}},"20":{"start":{"line":44,"column":4},"end":{"line":44,"column":44}},"21":{"start":{"line":47,"column":4},"end":{"line":47,"column":49}},"22":{"start":{"line":48,"column":4},"end":{"line":48,"column":50}},"23":{"start":{"line":51,"column":4},"end":{"line":51,"column":39}},"24":{"start":{"line":52,"column":4},"end":{"line":52,"column":39}},"25":{"start":{"line":53,"column":4},"end":{"line":53,"column":40}},"26":{"start":{"line":56,"column":4},"end":{"line":56,"column":25}},"27":{"start":{"line":59,"column":4},"end":{"line":59,"column":46}},"28":{"start":{"line":59,"column":30},"end":{"line":59,"column":44}},"29":{"start":{"line":61,"column":4},"end":{"line":61,"column":30}},"30":{"start":{"line":65,"column":4},"end":{"line":65,"column":56}},"31":{"start":{"line":65,"column":49},"end":{"line":65,"column":56}},"32":{"start":{"line":68,"column":4},"end":{"line":68,"column":22}},"33":{"start":{"line":69,"column":4},"end":{"line":69,"column":34}},"34":{"start":{"line":70,"column":4},"end":{"line":70,"column":35}},"35":{"start":{"line":71,"column":4},"end":{"line":71,"column":24}},"36":{"start":{"line":74,"column":4},"end":{"line":74,"column":20}},"37":{"start":{"line":77,"column":4},"end":{"line":77,"column":21}},"38":{"start":{"line":81,"column":4},"end":{"line":81,"column":27}},"39":{"start":{"line":81,"column":20},"end":{"line":81,"column":27}},"40":{"start":{"line":83,"column":4},"end":{"line":83,"column":22}},"41":{"start":{"line":84,"column":4},"end":{"line":84,"column":34}},"42":{"start":{"line":86,"column":20},"end":{"line":86,"column":61}},"43":{"start":{"line":87,"column":17},"end":{"line":87,"column":62}},"44":{"start":{"line":90,"column":4},"end":{"line":90,"column":45}},"45":{"start":{"line":92,"column":4},"end":{"line":92,"column":44}},"46":{"start":{"line":93,"column":4},"end":{"line":93,"column":24}},"47":{"start":{"line":97,"column":4},"end":{"line":97,"column":28}},"48":{"start":{"line":97,"column":21},"end":{"line":97,"column":28}},"49":{"start":{"line":99,"column":4},"end":{"line":99,"column":23}},"50":{"start":{"line":100,"column":4},"end":{"line":100,"column":38}},"51":{"start":{"line":102,"column":4},"end":{"line":132,"column":5}},"52":{"start":{"line":105,"column":8},"end":{"line":105,"column":54}},"53":{"start":{"line":106,"column":8},"end":{"line":106,"column":14}},"54":{"start":{"line":110,"column":8},"end":{"line":110,"column":39}},"55":{"start":{"line":111,"column":8},"end":{"line":111,"column":41}},"56":{"start":{"line":112,"column":8},"end":{"line":112,"column":29}},"57":{"start":{"line":113,"column":8},"end":{"line":113,"column":14}},"58":{"start":{"line":117,"column":8},"end":{"line":117,"column":35}},"59":{"start":{"line":118,"column":8},"end":{"line":118,"column":34}},"60":{"start":{"line":119,"column":8},"end":{"line":119,"column":14}},"61":{"start":{"line":123,"column":26},"end":{"line":123,"column":65}},"62":{"start":{"line":124,"column":8},"end":{"line":130,"column":9}},"63":{"start":{"line":125,"column":10},"end":{"line":125,"column":41}},"64":{"start":{"line":126,"column":10},"end":{"line":126,"column":48}},"65":{"start":{"line":127,"column":10},"end":{"line":127,"column":31}},"66":{"start":{"line":129,"column":10},"end":{"line":129,"column":56}},"67":{"start":{"line":131,"column":8},"end":{"line":131,"column":14}},"68":{"start":{"line":136,"column":4},"end":{"line":136,"column":45}},"69":{"start":{"line":136,"column":38},"end":{"line":136,"column":45}},"70":{"start":{"line":138,"column":4},"end":{"line":138,"column":26}},"71":{"start":{"line":141,"column":4},"end":{"line":146,"column":5}},"72":{"start":{"line":142,"column":20},"end":{"line":142,"column":67}},"73":{"start":{"line":143,"column":6},"end":{"line":143,"column":38}},"74":{"start":{"line":145,"column":6},"end":{"line":145,"column":34}},"75":{"start":{"line":149,"column":4},"end":{"line":151,"column":5}},"76":{"start":{"line":150,"column":6},"end":{"line":150,"column":23}},"77":{"start":{"line":154,"column":4},"end":{"line":158,"column":5}},"78":{"start":{"line":155,"column":6},"end":{"line":155,"column":94}},"79":{"start":{"line":157,"column":6},"end":{"line":157,"column":52}},"80":{"start":{"line":162,"column":4},"end":{"line":165,"column":5}},"81":{"start":{"line":163,"column":6},"end":{"line":163,"column":32}},"82":{"start":{"line":164,"column":6},"end":{"line":164,"column":27}},"83":{"start":{"line":169,"column":4},"end":{"line":176,"column":5}},"84":{"start":{"line":170,"column":6},"end":{"line":174,"column":7}},"85":{"start":{"line":171,"column":8},"end":{"line":171,"column":51}},"86":{"start":{"line":173,"column":8},"end":{"line":173,"column":61}},"87":{"start":{"line":175,"column":6},"end":{"line":175,"column":22}},"88":{"start":{"line":177,"column":4},"end":{"line":177,"column":26}},"89":{"start":{"line":178,"column":4},"end":{"line":178,"column":21}},"90":{"start":{"line":179,"column":4},"end":{"line":179,"column":21}},"91":{"start":{"line":180,"column":4},"end":{"line":180,"column":22}},"92":{"start":{"line":181,"column":4},"end":{"line":181,"column":31}},"93":{"start":{"line":4,"column":0},"end":{"line":4,"column":13}}},"fnMap":{"0":{"name":"(anonymous_9)","decl":{"start":{"line":14,"column":2},"end":{"line":14,"column":14}},"loc":{"start":{"line":14,"column":70},"end":{"line":32,"column":3}}},"1":{"name":"(anonymous_10)","decl":{"start":{"line":25,"column":12},"end":{"line":25,"column":15}},"loc":{"start":{"line":25,"column":17},"end":{"line":29,"column":5}}},"2":{"name":"(anonymous_11)","decl":{"start":{"line":29,"column":13},"end":{"line":29,"column":14}},"loc":{"start":{"line":29,"column":23},"end":{"line":31,"column":5}}},"3":{"name":"(anonymous_12)","decl":{"start":{"line":34,"column":10},"end":{"line":34,"column":15}},"loc":{"start":{"line":34,"column":15},"end":{"line":62,"column":3}}},"4":{"name":"(anonymous_13)","decl":{"start":{"line":59,"column":24},"end":{"line":59,"column":27}},"loc":{"start":{"line":59,"column":30},"end":{"line":59,"column":44}}},"5":{"name":"(anonymous_14)","decl":{"start":{"line":64,"column":10},"end":{"line":64,"column":23}},"loc":{"start":{"line":64,"column":23},"end":{"line":78,"column":3}}},"6":{"name":"(anonymous_15)","decl":{"start":{"line":80,"column":10},"end":{"line":80,"column":18}},"loc":{"start":{"line":80,"column":18},"end":{"line":94,"column":3}}},"7":{"name":"(anonymous_16)","decl":{"start":{"line":96,"column":10},"end":{"line":96,"column":19}},"loc":{"start":{"line":96,"column":19},"end":{"line":133,"column":3}}},"8":{"name":"(anonymous_17)","decl":{"start":{"line":135,"column":10},"end":{"line":135,"column":17}},"loc":{"start":{"line":135,"column":17},"end":{"line":159,"column":3}}},"9":{"name":"(anonymous_18)","decl":{"start":{"line":161,"column":2},"end":{"line":161,"column":10}},"loc":{"start":{"line":161,"column":27},"end":{"line":166,"column":3}}},"10":{"name":"(anonymous_19)","decl":{"start":{"line":168,"column":2},"end":{"line":168,"column":9}},"loc":{"start":{"line":168,"column":9},"end":{"line":182,"column":3}}}},"branchMap":{"0":{"loc":{"start":{"line":26,"column":6},"end":{"line":28,"column":7}},"type":"if","locations":[{"start":{"line":26,"column":6},"end":{"line":28,"column":7}}]},"1":{"loc":{"start":{"line":35,"column":4},"end":{"line":35,"column":26}},"type":"if","locations":[{"start":{"line":35,"column":4},"end":{"line":35,"column":26}}]},"2":{"loc":{"start":{"line":65,"column":4},"end":{"line":65,"column":56}},"type":"if","locations":[{"start":{"line":65,"column":4},"end":{"line":65,"column":56}}]},"3":{"loc":{"start":{"line":65,"column":8},"end":{"line":65,"column":47}},"type":"binary-expr","locations":[{"start":{"line":65,"column":8},"end":{"line":65,"column":18}},{"start":{"line":65,"column":22},"end":{"line":65,"column":32}},{"start":{"line":65,"column":36},"end":{"line":65,"column":47}}]},"4":{"loc":{"start":{"line":81,"column":4},"end":{"line":81,"column":27}},"type":"if","locations":[{"start":{"line":81,"column":4},"end":{"line":81,"column":27}}]},"5":{"loc":{"start":{"line":86,"column":20},"end":{"line":86,"column":61}},"type":"cond-expr","locations":[{"start":{"line":86,"column":56},"end":{"line":86,"column":57}},{"start":{"line":86,"column":60},"end":{"line":86,"column":61}}]},"6":{"loc":{"start":{"line":87,"column":17},"end":{"line":87,"column":62}},"type":"cond-expr","locations":[{"start":{"line":87,"column":53},"end":{"line":87,"column":56}},{"start":{"line":87,"column":59},"end":{"line":87,"column":62}}]},"7":{"loc":{"start":{"line":97,"column":4},"end":{"line":97,"column":28}},"type":"if","locations":[{"start":{"line":97,"column":4},"end":{"line":97,"column":28}}]},"8":{"loc":{"start":{"line":102,"column":4},"end":{"line":132,"column":5}},"type":"switch","locations":[{"start":{"line":103,"column":6},"end":{"line":106,"column":14}},{"start":{"line":108,"column":6},"end":{"line":113,"column":14}},{"start":{"line":115,"column":6},"end":{"line":119,"column":14}},{"start":{"line":121,"column":6},"end":{"line":131,"column":14}}]},"9":{"loc":{"start":{"line":124,"column":8},"end":{"line":130,"column":9}},"type":"if","locations":[{"start":{"line":124,"column":8},"end":{"line":130,"column":9}},{"start":{"line":128,"column":15},"end":{"line":130,"column":9}}]},"10":{"loc":{"start":{"line":136,"column":4},"end":{"line":136,"column":45}},"type":"if","locations":[{"start":{"line":136,"column":4},"end":{"line":136,"column":45}}]},"11":{"loc":{"start":{"line":136,"column":8},"end":{"line":136,"column":36}},"type":"binary-expr","locations":[{"start":{"line":136,"column":8},"end":{"line":136,"column":23}},{"start":{"line":136,"column":27},"end":{"line":136,"column":36}}]},"12":{"loc":{"start":{"line":141,"column":4},"end":{"line":146,"column":5}},"type":"if","locations":[{"start":{"line":141,"column":4},"end":{"line":146,"column":5}},{"start":{"line":144,"column":11},"end":{"line":146,"column":5}}]},"13":{"loc":{"start":{"line":149,"column":4},"end":{"line":151,"column":5}},"type":"if","locations":[{"start":{"line":149,"column":4},"end":{"line":151,"column":5}}]},"14":{"loc":{"start":{"line":154,"column":4},"end":{"line":158,"column":5}},"type":"if","locations":[{"start":{"line":154,"column":4},"end":{"line":158,"column":5}},{"start":{"line":156,"column":11},"end":{"line":158,"column":5}}]},"15":{"loc":{"start":{"line":162,"column":4},"end":{"line":165,"column":5}},"type":"if","locations":[{"start":{"line":162,"column":4},"end":{"line":165,"column":5}}]},"16":{"loc":{"start":{"line":169,"column":4},"end":{"line":176,"column":5}},"type":"if","locations":[{"start":{"line":169,"column":4},"end":{"line":176,"column":5}}]}},"s":{"0":0,"1":0,"2":0,"3":0,"4":0,"5":0,"6":0,"7":0,"8":0,"9":0,"10":0,"11":0,"12":0,"13":0,"14":0,"15":0,"16":0,"17":0,"18":0,"19":0,"20":0,"21":0,"22":0,"23":0,"24":0,"25":0,"26":0,"27":0,"28":0,"29":0,"30":0,"31":0,"32":0,"33":0,"34":0,"35":0,"36":0,"37":0,"38":0,"39":0,"40":0,"41":0,"42":0,"43":0,"44":0,"45":0,"46":0,"47":0,"48":0,"49":0,"50":0,"51":0,"52":0,"53":0,"54":0,"55":0,"56":0,"57":0,"58":0,"59":0,"60":0,"61":0,"62":0,"63":0,"64":0,"65":0,"66":0,"67":0,"68":0,"69":0,"70":0,"71":0,"72":0,"73":0,"74":0,"75":0,"76":0,"77":0,"78":0,"79":0,"80":0,"81":0,"82":0,"83":0,"84":0,"85":0,"86":0,"87":0,"88":0,"89":0,"90":0,"91":0,"92":0,"93":0},"f":{"0":0,"1":0,"2":0,"3":0,"4":0,"5":0,"6":0,"7":0,"8":0,"9":0,"10":0},"b":{"0":[0],"1":[0],"2":[0],"3":[0,0,0],"4":[0],"5":[0,0],"6":[0,0],"7":[0],"8":[0,0,0,0],"9":[0,0],"10":[0],"11":[0,0],"12":[0,0],"13":[0],"14":[0,0],"15":[0],"16":[0]}}
}
