TN:
SF:src\components\CaptionDisplay.tsx
FN:8,(anonymous_0)
FNF:1
FNH:1
FNDA:17,(anonymous_0)
DA:8,1
DA:12,17
LF:2
LH:2
BRDA:14,0,0,17
BRDA:14,0,1,9
BRDA:20,1,0,17
BRDA:20,1,1,8
BRF:4
BRH:4
end_of_record
TN:
SF:src\components\CharacterCanvas.tsx
FN:11,(anonymous_0)
FN:20,(anonymous_1)
FN:25,(anonymous_2)
FN:34,(anonymous_3)
FNF:4
FNH:0
FNDA:0,(anonymous_0)
FNDA:0,(anonymous_1)
FNDA:0,(anonymous_2)
FNDA:0,(anonymous_3)
DA:1,0
DA:2,0
DA:11,0
DA:16,0
DA:17,0
DA:20,0
DA:21,0
DA:22,0
DA:25,0
DA:26,0
DA:27,0
DA:28,0
DA:34,0
DA:35,0
DA:36,0
DA:40,0
LF:16
LH:0
BRDA:13,0,0,0
BRDA:14,1,0,0
BRDA:21,2,0,0
BRDA:21,3,0,0
BRDA:21,3,1,0
BRDA:26,4,0,0
BRDA:35,5,0,0
BRF:7
BRH:0
end_of_record
TN:
SF:src\components\PushToTalkButton.tsx
FN:11,(anonymous_0)
FN:20,(anonymous_1)
FN:33,(anonymous_2)
FNF:3
FNH:3
FNDA:15,(anonymous_0)
FNDA:15,(anonymous_1)
FNDA:15,(anonymous_2)
DA:11,1
DA:17,15
DA:18,15
DA:20,15
DA:21,15
DA:23,3
DA:25,3
DA:27,2
DA:29,7
DA:33,15
DA:34,15
DA:36,3
DA:38,3
DA:40,2
DA:42,7
DA:46,15
LF:16
LH:16
BRDA:15,0,0,15
BRDA:18,1,0,15
BRDA:18,1,1,12
BRDA:21,2,0,3
BRDA:21,2,1,3
BRDA:21,2,2,2
BRDA:21,2,3,7
BRDA:34,3,0,3
BRDA:34,3,1,3
BRDA:34,3,2,2
BRDA:34,3,3,7
BRDA:51,4,0,3
BRDA:51,4,1,12
BRDA:52,5,0,5
BRDA:52,5,1,10
BRDA:52,6,0,15
BRDA:52,6,1,15
BRDA:53,7,0,0
BRDA:53,7,1,15
BRDA:55,8,0,10
BRDA:55,8,1,5
BRDA:55,9,0,15
BRDA:55,9,1,15
BRDA:56,10,0,10
BRDA:56,10,1,5
BRDA:56,11,0,15
BRDA:56,11,1,15
BRDA:57,12,0,10
BRDA:57,12,1,5
BRDA:57,13,0,15
BRDA:57,13,1,15
BRDA:58,14,0,10
BRDA:58,14,1,5
BRDA:58,15,0,15
BRDA:58,15,1,15
BRDA:59,16,0,15
BRDA:59,16,1,15
BRDA:61,17,0,3
BRDA:61,17,1,12
BRF:39
BRH:38
end_of_record
TN:
SF:src\hooks\useVoiceService.ts
FN:17,useVoiceService
FN:30,(anonymous_1)
FN:35,(anonymous_2)
FN:40,(anonymous_3)
FN:45,(anonymous_4)
FN:50,(anonymous_5)
FN:61,(anonymous_6)
FN:67,(anonymous_7)
FN:72,(anonymous_8)
FN:79,(anonymous_9)
FN:80,(anonymous_10)
FN:95,(anonymous_11)
FN:119,(anonymous_12)
FNF:13
FNH:0
FNDA:0,useVoiceService
FNDA:0,(anonymous_1)
FNDA:0,(anonymous_2)
FNDA:0,(anonymous_3)
FNDA:0,(anonymous_4)
FNDA:0,(anonymous_5)
FNDA:0,(anonymous_6)
FNDA:0,(anonymous_7)
FNDA:0,(anonymous_8)
FNDA:0,(anonymous_9)
FNDA:0,(anonymous_10)
FNDA:0,(anonymous_11)
FNDA:0,(anonymous_12)
DA:1,0
DA:2,0
DA:3,0
DA:4,0
DA:17,0
DA:18,0
DA:19,0
DA:20,0
DA:21,0
DA:22,0
DA:23,0
DA:25,0
DA:26,0
DA:27,0
DA:30,0
DA:31,0
DA:32,0
DA:35,0
DA:36,0
DA:40,0
DA:41,0
DA:45,0
DA:46,0
DA:50,0
DA:51,0
DA:52,0
DA:53,0
DA:55,0
DA:56,0
DA:61,0
DA:62,0
DA:63,0
DA:67,0
DA:68,0
DA:72,0
DA:73,0
DA:74,0
DA:79,0
DA:80,0
DA:81,0
DA:83,0
DA:84,0
DA:86,0
DA:87,0
DA:88,0
DA:92,0
DA:95,0
DA:96,0
DA:97,0
DA:98,0
DA:99,0
DA:102,0
DA:103,0
DA:104,0
DA:107,0
DA:108,0
DA:111,0
DA:113,0
DA:114,0
DA:115,0
DA:119,0
DA:120,0
DA:122,0
DA:123,0
DA:124,0
DA:126,0
DA:127,0
DA:128,0
DA:132,0
LF:69
LH:0
BRDA:107,0,0,0
BRDA:120,1,0,0
BRF:2
BRH:0
end_of_record
TN:
SF:src\lib\audio.ts
FN:6,(anonymous_0)
FN:10,(anonymous_1)
FN:24,(anonymous_2)
FN:44,(anonymous_3)
FN:55,(anonymous_4)
FN:59,(anonymous_5)
FN:63,(anonymous_6)
FN:66,(anonymous_7)
FNF:8
FNH:0
FNDA:0,(anonymous_0)
FNDA:0,(anonymous_1)
FNDA:0,(anonymous_2)
FNDA:0,(anonymous_3)
FNDA:0,(anonymous_4)
FNDA:0,(anonymous_5)
FNDA:0,(anonymous_6)
FNDA:0,(anonymous_7)
DA:1,0
DA:3,0
DA:7,0
DA:12,0
DA:14,0
DA:16,0
DA:19,0
DA:20,0
DA:21,0
DA:24,0
DA:25,0
DA:26,0
DA:27,0
DA:32,0
DA:33,0
DA:37,0
DA:39,0
DA:40,0
DA:45,0
DA:46,0
DA:47,0
DA:51,0
DA:56,0
DA:60,0
DA:64,0
DA:65,0
DA:66,0
DA:67,0
LF:28
LH:0
BRDA:26,0,0,0
BRDA:32,1,0,0
BRDA:45,2,0,0
BRDA:65,3,0,0
BRF:4
BRH:0
end_of_record
TN:
SF:src\lib\character.ts
FN:14,(anonymous_9)
FN:25,(anonymous_10)
FN:29,(anonymous_11)
FN:34,(anonymous_12)
FN:59,(anonymous_13)
FN:64,(anonymous_14)
FN:80,(anonymous_15)
FN:96,(anonymous_16)
FN:135,(anonymous_17)
FN:161,(anonymous_18)
FN:168,(anonymous_19)
FNF:11
FNH:0
FNDA:0,(anonymous_9)
FNDA:0,(anonymous_10)
FNDA:0,(anonymous_11)
FNDA:0,(anonymous_12)
FNDA:0,(anonymous_13)
FNDA:0,(anonymous_14)
FNDA:0,(anonymous_15)
FNDA:0,(anonymous_16)
FNDA:0,(anonymous_17)
FNDA:0,(anonymous_18)
FNDA:0,(anonymous_19)
DA:1,0
DA:4,0
DA:5,0
DA:6,0
DA:7,0
DA:8,0
DA:9,0
DA:10,0
DA:11,0
DA:12,0
DA:16,0
DA:19,0
DA:26,0
DA:27,0
DA:30,0
DA:35,0
DA:38,0
DA:39,0
DA:40,0
DA:41,0
DA:44,0
DA:47,0
DA:48,0
DA:51,0
DA:52,0
DA:53,0
DA:56,0
DA:59,0
DA:61,0
DA:65,0
DA:68,0
DA:69,0
DA:70,0
DA:71,0
DA:74,0
DA:77,0
DA:81,0
DA:83,0
DA:84,0
DA:86,0
DA:87,0
DA:90,0
DA:92,0
DA:93,0
DA:97,0
DA:99,0
DA:100,0
DA:102,0
DA:105,0
DA:106,0
DA:110,0
DA:111,0
DA:112,0
DA:113,0
DA:117,0
DA:118,0
DA:119,0
DA:123,0
DA:124,0
DA:125,0
DA:126,0
DA:127,0
DA:129,0
DA:131,0
DA:136,0
DA:138,0
DA:141,0
DA:142,0
DA:143,0
DA:145,0
DA:149,0
DA:150,0
DA:154,0
DA:155,0
DA:157,0
DA:162,0
DA:163,0
DA:164,0
DA:169,0
DA:170,0
DA:171,0
DA:173,0
DA:175,0
DA:177,0
DA:178,0
DA:179,0
DA:180,0
DA:181,0
LF:88
LH:0
BRDA:26,0,0,0
BRDA:35,1,0,0
BRDA:65,2,0,0
BRDA:65,3,0,0
BRDA:65,3,1,0
BRDA:65,3,2,0
BRDA:81,4,0,0
BRDA:86,5,0,0
BRDA:86,5,1,0
BRDA:87,6,0,0
BRDA:87,6,1,0
BRDA:97,7,0,0
BRDA:102,8,0,0
BRDA:102,8,1,0
BRDA:102,8,2,0
BRDA:102,8,3,0
BRDA:124,9,0,0
BRDA:124,9,1,0
BRDA:136,10,0,0
BRDA:136,11,0,0
BRDA:136,11,1,0
BRDA:141,12,0,0
BRDA:141,12,1,0
BRDA:149,13,0,0
BRDA:154,14,0,0
BRDA:154,14,1,0
BRDA:162,15,0,0
BRDA:169,16,0,0
BRF:28
BRH:0
end_of_record
